2025-07-22T14:56:22.124+03:00  INFO 21288 --- [school-dev] [main] ru.hogwarts.school.SchoolApplication     : Starting SchoolApplication using Java 17.0.15 with PID 21288 (C:\Users\progTD\IdeaProjects\school\target\classes started by progTD in C:\Users\progTD\IdeaProjects\school)
2025-07-22T14:56:22.127+03:00 DEBUG 21288 --- [school-dev] [main] ru.hogwarts.school.SchoolApplication     : Running with Spring Boot v3.4.4, Spring v6.2.5
2025-07-22T14:56:22.128+03:00  INFO 21288 --- [school-dev] [main] ru.hogwarts.school.SchoolApplication     : The following 1 profile is active: "dev"
2025-07-22T14:56:22.720+03:00  INFO 21288 --- [school-dev] [main] .s.d.r.c.RepositoryConfigurationDelegate : Bootstrapping Spring Data JPA repositories in DEFAULT mode.
2025-07-22T14:56:22.760+03:00  INFO 21288 --- [school-dev] [main] .s.d.r.c.RepositoryConfigurationDelegate : Finished Spring Data repository scanning in 33 ms. Found 3 JPA repository interfaces.
2025-07-22T14:56:23.089+03:00  INFO 21288 --- [school-dev] [main] o.s.b.w.embedded.tomcat.TomcatWebServer  : Tomcat initialized with port 8081 (http)
2025-07-22T14:56:23.098+03:00  INFO 21288 --- [school-dev] [main] o.apache.catalina.core.StandardService   : Starting service [Tomcat]
2025-07-22T14:56:23.098+03:00  INFO 21288 --- [school-dev] [main] o.apache.catalina.core.StandardEngine    : Starting Servlet engine: [Apache Tomcat/10.1.39]
2025-07-22T14:56:23.134+03:00  INFO 21288 --- [school-dev] [main] o.a.c.c.C.[Tomcat].[localhost].[/]       : Initializing Spring embedded WebApplicationContext
2025-07-22T14:56:23.135+03:00  INFO 21288 --- [school-dev] [main] w.s.c.ServletWebServerApplicationContext : Root WebApplicationContext: initialization completed in 967 ms
2025-07-22T14:56:23.310+03:00  INFO 21288 --- [school-dev] [main] com.zaxxer.hikari.HikariDataSource       : HikariPool-1 - Starting...
2025-07-22T14:56:23.544+03:00  INFO 21288 --- [school-dev] [main] com.zaxxer.hikari.pool.HikariPool        : HikariPool-1 - Added connection org.postgresql.jdbc.PgConnection@44f0ff2b
2025-07-22T14:56:23.545+03:00  INFO 21288 --- [school-dev] [main] com.zaxxer.hikari.HikariDataSource       : HikariPool-1 - Start completed.
2025-07-22T14:56:23.702+03:00  INFO 21288 --- [school-dev] [main] liquibase.database                       : Set default schema name to public
2025-07-22T14:56:24.246+03:00  INFO 21288 --- [school-dev] [main] liquibase.changelog                      : Reading from public.databasechangelog
2025-07-22T14:56:24.312+03:00  INFO 21288 --- [school-dev] [main] liquibase.ui                             : Database is up to date, no changesets to execute
2025-07-22T14:56:24.314+03:00  INFO 21288 --- [school-dev] [main] liquibase.changelog                      : Reading from public.databasechangelog
2025-07-22T14:56:24.321+03:00  INFO 21288 --- [school-dev] [main] liquibase.util                           : UPDATE SUMMARY
2025-07-22T14:56:24.321+03:00  INFO 21288 --- [school-dev] [main] liquibase.util                           : Run:                          0
2025-07-22T14:56:24.321+03:00  INFO 21288 --- [school-dev] [main] liquibase.util                           : Previously run:               5
2025-07-22T14:56:24.321+03:00  INFO 21288 --- [school-dev] [main] liquibase.util                           : Filtered out:                 0
2025-07-22T14:56:24.321+03:00  INFO 21288 --- [school-dev] [main] liquibase.util                           : -------------------------------
2025-07-22T14:56:24.321+03:00  INFO 21288 --- [school-dev] [main] liquibase.util                           : Total change sets:            5
2025-07-22T14:56:24.322+03:00  INFO 21288 --- [school-dev] [main] liquibase.util                           : Update summary generated
2025-07-22T14:56:24.323+03:00  INFO 21288 --- [school-dev] [main] liquibase.command                        : Command execution complete
2025-07-22T14:56:24.389+03:00  INFO 21288 --- [school-dev] [main] o.hibernate.jpa.internal.util.LogHelper  : HHH000204: Processing PersistenceUnitInfo [name: default]
2025-07-22T14:56:24.476+03:00  INFO 21288 --- [school-dev] [main] org.hibernate.Version                    : HHH000412: Hibernate ORM core version 6.6.11.Final
2025-07-22T14:56:24.550+03:00  INFO 21288 --- [school-dev] [main] o.h.c.internal.RegionFactoryInitiator    : HHH000026: Second-level cache disabled
2025-07-22T14:56:24.949+03:00  INFO 21288 --- [school-dev] [main] o.s.o.j.p.SpringPersistenceUnitInfo      : No LoadTimeWeaver setup: ignoring JPA class transformer
2025-07-22T14:56:25.006+03:00  WARN 21288 --- [school-dev] [main] org.hibernate.orm.deprecation            : HHH90000025: PostgreSQLDialect does not need to be specified explicitly using 'hibernate.dialect' (remove the property setting and it will be selected by default)
2025-07-22T14:56:25.020+03:00  INFO 21288 --- [school-dev] [main] org.hibernate.orm.connections.pooling    : HHH10001005: Database info:
	Database JDBC URL [Connecting through datasource 'HikariDataSource (HikariPool-1)']
	Database driver: undefined/unknown
	Database version: 17.4
	Autocommit mode: undefined/unknown
	Isolation level: undefined/unknown
	Minimum pool size: undefined/unknown
	Maximum pool size: undefined/unknown
2025-07-22T14:56:26.137+03:00  INFO 21288 --- [school-dev] [main] o.h.e.t.j.p.i.JtaPlatformInitiator       : HHH000489: No JTA platform available (set 'hibernate.transaction.jta.platform' to enable JTA platform integration)
2025-07-22T14:56:26.268+03:00  INFO 21288 --- [school-dev] [main] j.LocalContainerEntityManagerFactoryBean : Initialized JPA EntityManagerFactory for persistence unit 'default'
2025-07-22T14:56:26.434+03:00  INFO 21288 --- [school-dev] [main] o.s.d.j.r.query.QueryEnhancerFactory     : Hibernate is in classpath; If applicable, HQL parser will be used.
2025-07-22T14:56:27.120+03:00  WARN 21288 --- [school-dev] [main] JpaBaseConfiguration$JpaWebConfiguration : spring.jpa.open-in-view is enabled by default. Therefore, database queries may be performed during view rendering. Explicitly configure spring.jpa.open-in-view to disable this warning
2025-07-22T14:56:27.160+03:00  INFO 21288 --- [school-dev] [main] o.s.v.b.OptionalValidatorFactoryBean     : Failed to set up a Bean Validation provider: jakarta.validation.NoProviderFoundException: Unable to create a Configuration, because no Jakarta Bean Validation provider could be found. Add a provider like Hibernate Validator (RI) to your classpath.
2025-07-22T14:56:27.474+03:00  INFO 21288 --- [school-dev] [main] o.s.b.w.embedded.tomcat.TomcatWebServer  : Tomcat started on port 8081 (http) with context path '/'
2025-07-22T14:56:27.480+03:00  INFO 21288 --- [school-dev] [main] ru.hogwarts.school.SchoolApplication     : Started SchoolApplication in 5.758 seconds (process running for 6.329)
2025-07-22T14:56:27.483+03:00  INFO 21288 --- [school-dev] [main] ru.hogwarts.school.SchoolApplication     : Приложение Hogwarts School успешно запущено!
2025-07-22T14:56:27.483+03:00 DEBUG 21288 --- [school-dev] [main] ru.hogwarts.school.SchoolApplication     : Режим отладки активирован
2025-07-22T14:56:30.662+03:00  INFO 21288 --- [school-dev] [SpringApplicationShutdownHook] o.s.b.w.e.tomcat.GracefulShutdown        : Commencing graceful shutdown. Waiting for active requests to complete
2025-07-22T14:56:31.027+03:00  INFO 21288 --- [school-dev] [tomcat-shutdown] o.s.b.w.e.tomcat.GracefulShutdown        : Graceful shutdown complete
2025-07-22T14:56:31.031+03:00  INFO 21288 --- [school-dev] [SpringApplicationShutdownHook] j.LocalContainerEntityManagerFactoryBean : Closing JPA EntityManagerFactory for persistence unit 'default'
2025-07-22T14:56:31.049+03:00  INFO 21288 --- [school-dev] [SpringApplicationShutdownHook] com.zaxxer.hikari.HikariDataSource       : HikariPool-1 - Shutdown initiated...
2025-07-22T14:56:31.052+03:00  INFO 21288 --- [school-dev] [SpringApplicationShutdownHook] com.zaxxer.hikari.HikariDataSource       : HikariPool-1 - Shutdown completed.
